<?xml version="1.0" encoding="UTF-8"?>
<!-- Generated by org.testng.reporters.JUnitReportReporter -->
<testsuite hostname="DESKTOP-3JUM5NA" failures="0" tests="1" name="runner.RunCuke" time="0.111" errors="0" timestamp="2023-05-18T17:10:53 CEST" skipped="0">
  <testcase classname="runner.RunCuke" name="runScenario" time="0.111"/>
  <system-out/>
</testsuite> <!-- runner.RunCuke -->
