<?xml version="1.0" encoding="UTF-8"?>
<!-- Generated by org.testng.reporters.JUnitReportReporter -->
<testsuite hostname="DESKTOP-3JUM5NA" failures="0" tests="4" name="runner.RunCuke" time="0.134" errors="0" timestamp="2023-05-18T15:16:01 CEST" skipped="0">
  <testcase classname="runner.RunCuke" name="runScenario" time="0.010"/>
  <system-out/>
  <testcase classname="runner.RunCuke" name="runScenario" time="0.009"/>
  <system-out/>
  <testcase classname="runner.RunCuke" name="runScenario" time="0.006"/>
  <system-out/>
  <testcase classname="runner.RunCuke" name="runScenario" time="0.109"/>
  <system-out/>
</testsuite> <!-- runner.RunCuke -->
